<?xml version="1.0" encoding="UTF-8"?>
<testsuite xmlns:xsi="http://www.w3.org/2001/XMLSchema-instance" xsi:noNamespaceSchemaLocation="https://maven.apache.org/surefire/maven-surefire-plugin/xsd/surefire-test-report-3.0.xsd" version="3.0" name="TestSuite" time="12.479" tests="2" errors="0" skipped="0" failures="0">
  <properties>
[...]
</properties>
  <testcase name="runScenario[&quot;Login to the application&quot;, &quot;OrangeHRM Initial Test Suite&quot;](1)" classname="runner.TestRunner" time="8.737">
    <system-out><![CDATA[
@OrangeHRMLogin
Scenario: Login to the application                      # src/test/resources/features/OrangeHRMLogin.feature:4
15:26:19.890 [main] INFO  utilities.Log - URL Launched successfully
  Given User launches the application URL               # stepDefinitions.LoginStepDef.user_launches_the_application_url()
  And Enter username and password                       # stepDefinitions.LoginStepDef.enter_username_and_password()
15:26:20.201 [main] INFO  utilities.Log - Login button clicked successfully
  Then Click on login button                            # stepDefinitions.LoginStepDef.click_on_login_button()
15:26:21.351 [main] INFO  utilities.Log - Page title verified successfully: OrangeHRM
  Then verify the title of the current page after login # stepDefinitions.LoginStepDef.verify_the_title_of_the_current_page_after_login()
Login was successful
15:26:21.733 [main] INFO  utilities.Log - Login was successful
  Then verify that the login was successful             # stepDefinitions.LoginStepDef.verify_that_the_login_was_successful()
]]></system-out>
    <system-err><![CDATA[SLF4J: Failed to load class "org.slf4j.impl.StaticLoggerBinder".
SLF4J: Defaulting to no-operation (NOP) logger implementation
SLF4J: See http://www.slf4j.org/codes.html#StaticLoggerBinder for further details.
Jul 06, 2025 3:26:16 PM org.openqa.selenium.devtools.CdpVersionFinder findNearestMatch
WARNING: Unable to find an exact match for CDP version 137, returning the closest version; found: 136; Please update to a Selenium version that supports CDP version 137
]]></system-err>
  </testcase>
  <testcase name="runScenario[&quot;Validate Admin Section&quot;, &quot;OrangeHRM Initial Test Suite&quot;](2)" classname="runner.TestRunner" time="1.396">
    <system-out><![CDATA[
@OrangeHRMLogin
Scenario: Validate Admin Section                  # src/test/resources/features/OrangeHRMLogin.feature:11
15:26:23.353 [main] INFO  utilities.Log - Admin section clicked successfully
  Then click on Admin section                     # stepDefinitions.LoginStepDef.clickOnAdminSection()
15:26:23.766 [main] INFO  utilities.Log - Admin section and User Management text displayed status: true, true
Admin section is displayed successfully
  Then verify that the Admin section is displayed # stepDefinitions.LoginStepDef.verifyThatTheAdminSectionIsDisplayed()
]]></system-out>
  </testcase>
</testsuite>