<?xml version="1.0" encoding="UTF-8"?>
<testng-results ignored="0" total="2" passed="2" failed="0" skipped="0">
  <reporter-output>
  </reporter-output>
  <suite started-at="2025-06-22T16:51:45 IST" name="Default suite" finished-at="2025-06-22T16:51:55 IST" duration-ms="9487">
    <groups>
      <group name="cucumber">
        <method signature="AbstractTestNGCucumberTests.runScenario(io.cucumber.testng.PickleWrapper,io.cucumber.testng.FeatureWrapper)[pri:0, instance:runner.TestRunner@792b749c]" name="runScenario" class="io.cucumber.testng.AbstractTestNGCucumberTests"/>
      </group> <!-- cucumber -->
    </groups>
    <test started-at="2025-06-22T16:51:45 IST" name="Default test" finished-at="2025-06-22T16:51:55 IST" duration-ms="9487">
      <class name="runner.TestRunner">
        <test-method is-config="true" signature="setUpClass(org.testng.ITestContext)[pri:0, instance:runner.TestRunner@792b749c]" started-at="2025-06-22T16:51:45 IST" name="setUpClass" finished-at="2025-06-22T16:51:46 IST" duration-ms="967" status="PASS">
          <params>
            <param index="0">
              <value>
                <![CDATA[org.testng.TestRunner@4dcbae55]]>
              </value>
            </param>
          </params>
          <reporter-output>
          </reporter-output>
        </test-method> <!-- setUpClass -->
        <test-method signature="runScenario(io.cucumber.testng.PickleWrapper,io.cucumber.testng.FeatureWrapper)[pri:0, instance:runner.TestRunner@792b749c]" started-at="2025-06-22T16:51:46 IST" name="runScenario" description="Runs Cucumber Scenarios" data-provider="scenarios" finished-at="2025-06-22T16:51:53 IST" duration-ms="6767" status="PASS">
          <params>
            <param index="0">
              <value>
                <![CDATA["Login to the application"]]>
              </value>
            </param>
            <param index="1">
              <value>
                <![CDATA["OrangeHRM Initial Test Suite"]]>
              </value>
            </param>
          </params>
          <reporter-output>
          </reporter-output>
        </test-method> <!-- runScenario -->
        <test-method signature="runScenario(io.cucumber.testng.PickleWrapper,io.cucumber.testng.FeatureWrapper)[pri:0, instance:runner.TestRunner@792b749c]" started-at="2025-06-22T16:51:53 IST" name="runScenario" description="Runs Cucumber Scenarios" data-provider="scenarios" finished-at="2025-06-22T16:51:54 IST" duration-ms="1280" status="PASS">
          <params>
            <param index="0">
              <value>
                <![CDATA["Valid Admin Section"]]>
              </value>
            </param>
            <param index="1">
              <value>
                <![CDATA["OrangeHRM Initial Test Suite"]]>
              </value>
            </param>
          </params>
          <reporter-output>
          </reporter-output>
        </test-method> <!-- runScenario -->
        <test-method is-config="true" signature="tearDownClass()[pri:0, instance:runner.TestRunner@792b749c]" started-at="2025-06-22T16:51:54 IST" name="tearDownClass" finished-at="2025-06-22T16:51:55 IST" duration-ms="409" status="PASS">
          <reporter-output>
          </reporter-output>
        </test-method> <!-- tearDownClass -->
      </class> <!-- runner.TestRunner -->
    </test> <!-- Default test -->
  </suite> <!-- Default suite -->
</testng-results>
